c:\users\u22127\desktop\lab04 (2)\lab04 (2)\lab04\x64\debug\vc143.pdb
c:\users\u22127\desktop\lab04 (2)\lab04 (2)\lab04\x64\debug\vc143.idb
c:\users\u22127\desktop\lab04 (2)\lab04 (2)\lab04\x64\debug\point.obj
c:\users\u22127\desktop\lab04 (2)\lab04 (2)\lab04\x64\debug\node.obj
c:\users\u22127\desktop\lab04 (2)\lab04 (2)\lab04\x64\debug\huffmanutility.obj
c:\users\u22127\desktop\lab04 (2)\lab04 (2)\lab04\x64\debug\huffman.obj
c:\users\u22127\desktop\lab04 (2)\lab04 (2)\lab04\x64\debug\frequencycounter.obj
c:\users\u22127\desktop\lab04 (2)\lab04 (2)\lab04\x64\debug\compilador.obj
c:\users\u22127\desktop\lab04 (2)\lab04 (2)\lab04\x64\debug\lab04.obj
c:\users\u22127\desktop\lab04 (2)\lab04 (2)\lab04\x64\debug\lab04.ilk
c:\users\u22127\desktop\lab04 (2)\lab04 (2)\lab04\x64\debug\compilador.pdb
c:\users\u22127\desktop\lab04 (2)\lab04 (2)\lab04\x64\debug\lab04.pdb
c:\users\u22127\desktop\lab04 (2)\lab04 (2)\lab04\x64\debug\compilador.tlog\cl.command.1.tlog
c:\users\u22127\desktop\lab04 (2)\lab04 (2)\lab04\x64\debug\compilador.tlog\cl.items.tlog
c:\users\u22127\desktop\lab04 (2)\lab04 (2)\lab04\x64\debug\compilador.tlog\cl.read.1.tlog
c:\users\u22127\desktop\lab04 (2)\lab04 (2)\lab04\x64\debug\compilador.tlog\cl.write.1.tlog
c:\users\u22127\desktop\lab04 (2)\lab04 (2)\lab04\x64\debug\compilador.tlog\link.6804-cvtres.read.1.tlog
c:\users\u22127\desktop\lab04 (2)\lab04 (2)\lab04\x64\debug\compilador.tlog\link.6804-cvtres.write.1.tlog
c:\users\u22127\desktop\lab04 (2)\lab04 (2)\lab04\x64\debug\compilador.tlog\link.6804-rc.read.1.tlog
c:\users\u22127\desktop\lab04 (2)\lab04 (2)\lab04\x64\debug\compilador.tlog\link.6804-rc.write.1.tlog
c:\users\u22127\desktop\lab04 (2)\lab04 (2)\lab04\x64\debug\compilador.tlog\link.6804.read.1.tlog
c:\users\u22127\desktop\lab04 (2)\lab04 (2)\lab04\x64\debug\compilador.tlog\link.6804.read.2.tlog
c:\users\u22127\desktop\lab04 (2)\lab04 (2)\lab04\x64\debug\compilador.tlog\link.6804.write.1.tlog
c:\users\u22127\desktop\lab04 (2)\lab04 (2)\lab04\x64\debug\compilador.tlog\link.command.1.tlog
c:\users\u22127\desktop\lab04 (2)\lab04 (2)\lab04\x64\debug\compilador.tlog\link.read.1.tlog
c:\users\u22127\desktop\lab04 (2)\lab04 (2)\lab04\x64\debug\compilador.tlog\link.write.1.tlog
